Generated at 2020-03-08 16:02:54 +0000
Chef::Exceptions::Package: yum_package[http] (test-cookbook::sample-recipe line 2) had an error: Chef::Exceptions::Package: No candidate version available for http
/opt/chef-workstation/embedded/lib/ruby/gems/2.6.0/gems/chef-15.8.23/lib/chef/mixin/why_run.rb:238:in `run'
/opt/chef-workstation/embedded/lib/ruby/gems/2.6.0/gems/chef-15.8.23/lib/chef/mixin/why_run.rb:316:in `block in run'
/opt/chef-workstation/embedded/lib/ruby/gems/2.6.0/gems/chef-15.8.23/lib/chef/mixin/why_run.rb:315:in `each'
/opt/chef-workstation/embedded/lib/ruby/gems/2.6.0/gems/chef-15.8.23/lib/chef/mixin/why_run.rb:315:in `run'
/opt/chef-workstation/embedded/lib/ruby/gems/2.6.0/gems/chef-15.8.23/lib/chef/provider.rb:199:in `process_resource_requirements'
/opt/chef-workstation/embedded/lib/ruby/gems/2.6.0/gems/chef-15.8.23/lib/chef/provider.rb:177:in `run_action'
/opt/chef-workstation/embedded/lib/ruby/gems/2.6.0/gems/chef-15.8.23/lib/chef/resource.rb:586:in `run_action'
/opt/chef-workstation/embedded/lib/ruby/gems/2.6.0/gems/chef-15.8.23/lib/chef/runner.rb:74:in `run_action'
/opt/chef-workstation/embedded/lib/ruby/gems/2.6.0/gems/chef-15.8.23/lib/chef/runner.rb:108:in `block in run_all_actions'
/opt/chef-workstation/embedded/lib/ruby/gems/2.6.0/gems/chef-15.8.23/lib/chef/runner.rb:108:in `each'
/opt/chef-workstation/embedded/lib/ruby/gems/2.6.0/gems/chef-15.8.23/lib/chef/runner.rb:108:in `run_all_actions'
/opt/chef-workstation/embedded/lib/ruby/gems/2.6.0/gems/chef-15.8.23/lib/chef/runner.rb:132:in `block in converge'
/opt/chef-workstation/embedded/lib/ruby/gems/2.6.0/gems/chef-15.8.23/lib/chef/resource_collection/resource_list.rb:96:in `block in execute_each_resource'
/opt/chef-workstation/embedded/lib/ruby/gems/2.6.0/gems/chef-15.8.23/lib/chef/resource_collection/stepable_iterator.rb:115:in `call_iterator_block'
/opt/chef-workstation/embedded/lib/ruby/gems/2.6.0/gems/chef-15.8.23/lib/chef/resource_collection/stepable_iterator.rb:86:in `step'
/opt/chef-workstation/embedded/lib/ruby/gems/2.6.0/gems/chef-15.8.23/lib/chef/resource_collection/stepable_iterator.rb:104:in `iterate'
/opt/chef-workstation/embedded/lib/ruby/gems/2.6.0/gems/chef-15.8.23/lib/chef/resource_collection/stepable_iterator.rb:55:in `each_with_index'
/opt/chef-workstation/embedded/lib/ruby/gems/2.6.0/gems/chef-15.8.23/lib/chef/resource_collection/resource_list.rb:94:in `execute_each_resource'
/opt/chef-workstation/embedded/lib/ruby/2.6.0/forwardable.rb:230:in `execute_each_resource'
/opt/chef-workstation/embedded/lib/ruby/gems/2.6.0/gems/chef-15.8.23/lib/chef/runner.rb:130:in `converge'
/opt/chef-workstation/embedded/lib/ruby/gems/2.6.0/gems/chef-15.8.23/lib/chef/client.rb:703:in `block in converge'
/opt/chef-workstation/embedded/lib/ruby/gems/2.6.0/gems/chef-15.8.23/lib/chef/client.rb:698:in `catch'
/opt/chef-workstation/embedded/lib/ruby/gems/2.6.0/gems/chef-15.8.23/lib/chef/client.rb:698:in `converge'
/opt/chef-workstation/embedded/lib/ruby/gems/2.6.0/gems/chef-15.8.23/lib/chef/client.rb:722:in `converge_and_save'
/opt/chef-workstation/embedded/lib/ruby/gems/2.6.0/gems/chef-15.8.23/lib/chef/client.rb:288:in `run'
/opt/chef-workstation/embedded/lib/ruby/gems/2.6.0/gems/chef-15.8.23/lib/chef/application.rb:320:in `run_with_graceful_exit_option'
/opt/chef-workstation/embedded/lib/ruby/gems/2.6.0/gems/chef-15.8.23/lib/chef/application.rb:296:in `block in run_chef_client'
/opt/chef-workstation/embedded/lib/ruby/gems/2.6.0/gems/chef-15.8.23/lib/chef/local_mode.rb:42:in `with_server_connectivity'
/opt/chef-workstation/embedded/lib/ruby/gems/2.6.0/gems/chef-15.8.23/lib/chef/application.rb:279:in `run_chef_client'
/opt/chef-workstation/embedded/lib/ruby/gems/2.6.0/gems/chef-15.8.23/lib/chef/application/base.rb:330:in `run_application'
/opt/chef-workstation/embedded/lib/ruby/gems/2.6.0/gems/chef-15.8.23/lib/chef/application.rb:69:in `run'
/opt/chef-workstation/embedded/lib/ruby/gems/2.6.0/gems/chef-bin-15.8.23/bin/chef-client:25:in `<top (required)>'
/bin/chef-client:357:in `load'
/bin/chef-client:357:in `<main>'

>>>> Caused by Chef::Exceptions::Package: No candidate version available for http
/opt/chef-workstation/embedded/lib/ruby/gems/2.6.0/gems/chef-15.8.23/lib/chef/mixin/why_run.rb:238:in `run'
/opt/chef-workstation/embedded/lib/ruby/gems/2.6.0/gems/chef-15.8.23/lib/chef/mixin/why_run.rb:316:in `block in run'
/opt/chef-workstation/embedded/lib/ruby/gems/2.6.0/gems/chef-15.8.23/lib/chef/mixin/why_run.rb:315:in `each'
/opt/chef-workstation/embedded/lib/ruby/gems/2.6.0/gems/chef-15.8.23/lib/chef/mixin/why_run.rb:315:in `run'
/opt/chef-workstation/embedded/lib/ruby/gems/2.6.0/gems/chef-15.8.23/lib/chef/provider.rb:199:in `process_resource_requirements'
/opt/chef-workstation/embedded/lib/ruby/gems/2.6.0/gems/chef-15.8.23/lib/chef/provider.rb:177:in `run_action'
/opt/chef-workstation/embedded/lib/ruby/gems/2.6.0/gems/chef-15.8.23/lib/chef/resource.rb:586:in `run_action'
/opt/chef-workstation/embedded/lib/ruby/gems/2.6.0/gems/chef-15.8.23/lib/chef/runner.rb:74:in `run_action'
/opt/chef-workstation/embedded/lib/ruby/gems/2.6.0/gems/chef-15.8.23/lib/chef/runner.rb:108:in `block in run_all_actions'
/opt/chef-workstation/embedded/lib/ruby/gems/2.6.0/gems/chef-15.8.23/lib/chef/runner.rb:108:in `each'
/opt/chef-workstation/embedded/lib/ruby/gems/2.6.0/gems/chef-15.8.23/lib/chef/runner.rb:108:in `run_all_actions'
/opt/chef-workstation/embedded/lib/ruby/gems/2.6.0/gems/chef-15.8.23/lib/chef/runner.rb:132:in `block in converge'
/opt/chef-workstation/embedded/lib/ruby/gems/2.6.0/gems/chef-15.8.23/lib/chef/resource_collection/resource_list.rb:96:in `block in execute_each_resource'
/opt/chef-workstation/embedded/lib/ruby/gems/2.6.0/gems/chef-15.8.23/lib/chef/resource_collection/stepable_iterator.rb:115:in `call_iterator_block'
/opt/chef-workstation/embedded/lib/ruby/gems/2.6.0/gems/chef-15.8.23/lib/chef/resource_collection/stepable_iterator.rb:86:in `step'
/opt/chef-workstation/embedded/lib/ruby/gems/2.6.0/gems/chef-15.8.23/lib/chef/resource_collection/stepable_iterator.rb:104:in `iterate'
/opt/chef-workstation/embedded/lib/ruby/gems/2.6.0/gems/chef-15.8.23/lib/chef/resource_collection/stepable_iterator.rb:55:in `each_with_index'
/opt/chef-workstation/embedded/lib/ruby/gems/2.6.0/gems/chef-15.8.23/lib/chef/resource_collection/resource_list.rb:94:in `execute_each_resource'
/opt/chef-workstation/embedded/lib/ruby/2.6.0/forwardable.rb:230:in `execute_each_resource'
/opt/chef-workstation/embedded/lib/ruby/gems/2.6.0/gems/chef-15.8.23/lib/chef/runner.rb:130:in `converge'
/opt/chef-workstation/embedded/lib/ruby/gems/2.6.0/gems/chef-15.8.23/lib/chef/client.rb:703:in `block in converge'
/opt/chef-workstation/embedded/lib/ruby/gems/2.6.0/gems/chef-15.8.23/lib/chef/client.rb:698:in `catch'
/opt/chef-workstation/embedded/lib/ruby/gems/2.6.0/gems/chef-15.8.23/lib/chef/client.rb:698:in `converge'
/opt/chef-workstation/embedded/lib/ruby/gems/2.6.0/gems/chef-15.8.23/lib/chef/client.rb:722:in `converge_and_save'
/opt/chef-workstation/embedded/lib/ruby/gems/2.6.0/gems/chef-15.8.23/lib/chef/client.rb:288:in `run'
/opt/chef-workstation/embedded/lib/ruby/gems/2.6.0/gems/chef-15.8.23/lib/chef/application.rb:320:in `run_with_graceful_exit_option'
/opt/chef-workstation/embedded/lib/ruby/gems/2.6.0/gems/chef-15.8.23/lib/chef/application.rb:296:in `block in run_chef_client'
/opt/chef-workstation/embedded/lib/ruby/gems/2.6.0/gems/chef-15.8.23/lib/chef/local_mode.rb:42:in `with_server_connectivity'
/opt/chef-workstation/embedded/lib/ruby/gems/2.6.0/gems/chef-15.8.23/lib/chef/application.rb:279:in `run_chef_client'
/opt/chef-workstation/embedded/lib/ruby/gems/2.6.0/gems/chef-15.8.23/lib/chef/application/base.rb:330:in `run_application'
/opt/chef-workstation/embedded/lib/ruby/gems/2.6.0/gems/chef-15.8.23/lib/chef/application.rb:69:in `run'
/opt/chef-workstation/embedded/lib/ruby/gems/2.6.0/gems/chef-bin-15.8.23/bin/chef-client:25:in `<top (required)>'
/bin/chef-client:357:in `load'
/bin/chef-client:357:in `<main>'